2025-01-22 15:58:21,187 - INFO - Inicio del proceso de sincronización...
2025-01-22 15:58:25,309 - INFO - Sincronización completada con éxito.
2025-01-22 15:58:25,309 - INFO - Fin del proceso.
2025-01-22 16:04:58,281 - INFO - Inicio del proceso de sincronización...
2025-01-22 16:05:02,230 - INFO - Sincronización completada con éxito.
2025-01-22 16:05:02,230 - INFO - Fin del proceso.
2025-01-22 16:06:06,138 - INFO - Inicio del proceso de sincronización...
2025-01-22 16:06:10,142 - INFO - Sincronización completada con éxito.
2025-01-22 16:06:10,142 - INFO - Fin del proceso.
2025-01-23 08:43:33,393 - INFO - Inicio del proceso de sincronización...
2025-01-23 08:43:34,266 - INFO - package: mysql.connector.plugins
2025-01-23 08:43:34,266 - INFO - plugin_name: mysql_native_password
2025-01-23 08:43:34,316 - INFO - AUTHENTICATION_PLUGIN_CLASS: MySQLNativePasswordAuthPlugin
2025-01-23 08:43:39,559 - INFO - Sincronización completada con éxito.
2025-01-23 08:43:39,559 - INFO - Fin del proceso.
2025-01-23 11:06:39,049 - INFO - Inicio del proceso de sincronización...
2025-01-23 11:06:39,858 - INFO - package: mysql.connector.plugins
2025-01-23 11:06:39,858 - INFO - plugin_name: mysql_native_password
2025-01-23 11:06:39,863 - INFO - AUTHENTICATION_PLUGIN_CLASS: MySQLNativePasswordAuthPlugin
2025-01-23 11:06:46,898 - INFO - Sincronización completada con éxito.
2025-01-23 11:06:46,898 - INFO - Fin del proceso.
2025-01-23 11:18:17,415 - INFO - Inicio del proceso de sincronización...
2025-01-23 11:18:24,036 - INFO - Sincronización completada con éxito.
2025-01-23 11:18:24,036 - INFO - Fin del proceso.
2025-01-23 11:25:14,366 - INFO - Inicio del proceso de sincronización...
2025-01-23 11:25:20,489 - INFO - Sincronización completada con éxito.
2025-01-23 11:25:20,489 - INFO - Fin del proceso.
2025-01-23 11:51:03,448 - INFO - Inicio del proceso de sincronización...
2025-01-23 11:51:07,729 - INFO - Sincronización completada con éxito.
2025-01-23 11:51:07,729 - INFO - Fin del proceso.
2025-01-23 12:21:42,703 - INFO - Inicio del proceso de sincronización...
2025-01-23 12:21:46,999 - INFO - Sincronización completada con éxito.
2025-01-23 12:21:46,999 - INFO - Fin del proceso.
2025-01-23 12:26:01,745 - INFO - Inicio del proceso de sincronización...
2025-01-23 12:26:05,916 - INFO - Sincronización completada con éxito.
2025-01-23 12:26:05,916 - INFO - Fin del proceso.
2025-01-23 13:07:40,714 - INFO - Inicio del proceso de sincronización...
2025-01-23 13:07:44,901 - INFO - Sincronización completada con éxito.
2025-01-23 13:07:44,901 - INFO - Fin del proceso.
2025-01-23 13:12:47,662 - INFO - Inicio del proceso de sincronización...
2025-01-23 13:12:51,850 - INFO - Sincronización completada con éxito.
2025-01-23 13:12:51,850 - INFO - Fin del proceso.
2025-01-23 13:18:00,219 - INFO - Inicio del proceso de sincronización...
2025-01-23 13:18:04,423 - INFO - Sincronización completada con éxito.
2025-01-23 13:18:04,423 - INFO - Fin del proceso.
2025-01-23 13:38:24,513 - INFO - Inicio del proceso de sincronización...
2025-01-23 13:38:28,810 - INFO - Sincronización completada con éxito.
2025-01-23 13:38:28,810 - INFO - Fin del proceso.
2025-01-23 13:40:00,231 - INFO - Inicio del proceso de sincronización...
2025-01-23 13:40:04,559 - INFO - Sincronización completada con éxito.
2025-01-23 13:40:04,559 - INFO - Fin del proceso.
2025-01-23 13:45:33,226 - INFO - Inicio del proceso de sincronización...
2025-01-23 13:45:37,398 - INFO - Sincronización completada con éxito.
2025-01-23 13:45:37,398 - INFO - Fin del proceso.
2025-01-23 13:58:27,310 - INFO - Inicio del proceso de sincronización...
2025-01-23 13:58:31,684 - INFO - Sincronización completada con éxito.
2025-01-23 13:58:31,684 - INFO - Fin del proceso.
2025-01-23 14:01:07,073 - INFO - Inicio del proceso de sincronización...
2025-01-23 14:01:11,323 - INFO - Sincronización completada con éxito.
2025-01-23 14:01:11,323 - INFO - Fin del proceso.
2025-01-23 14:03:11,353 - INFO - Inicio del proceso de sincronización...
2025-01-23 14:03:15,524 - INFO - Sincronización completada con éxito.
2025-01-23 14:03:15,524 - INFO - Fin del proceso.
2025-01-23 14:05:15,413 - INFO - Inicio del proceso de sincronización...
2025-01-23 14:05:20,445 - INFO - Sincronización completada con éxito.
2025-01-23 14:05:20,445 - INFO - Fin del proceso.
2025-01-23 14:07:20,381 - INFO - Inicio del proceso de sincronización...
2025-01-23 14:07:24,568 - INFO - Sincronización completada con éxito.
2025-01-23 14:07:24,568 - INFO - Fin del proceso.
2025-01-23 14:09:24,379 - INFO - Inicio del proceso de sincronización...
2025-01-23 14:09:28,598 - INFO - Sincronización completada con éxito.
2025-01-23 14:09:28,598 - INFO - Fin del proceso.
2025-01-23 14:11:28,315 - INFO - Inicio del proceso de sincronización...
2025-01-23 14:11:32,456 - INFO - Sincronización completada con éxito.
2025-01-23 14:11:32,456 - INFO - Fin del proceso.
2025-01-23 14:13:32,329 - INFO - Inicio del proceso de sincronización...
2025-01-23 14:13:36,610 - INFO - Sincronización completada con éxito.
2025-01-23 14:13:36,610 - INFO - Fin del proceso.
2025-01-23 14:15:36,390 - INFO - Inicio del proceso de sincronización...
2025-01-23 14:15:40,515 - INFO - Sincronización completada con éxito.
2025-01-23 14:15:40,515 - INFO - Fin del proceso.
2025-01-23 14:17:40,342 - INFO - Inicio del proceso de sincronización...
2025-01-23 14:17:44,686 - INFO - Sincronización completada con éxito.
2025-01-23 14:17:44,686 - INFO - Fin del proceso.
2025-01-23 14:19:44,403 - INFO - Inicio del proceso de sincronización...
2025-01-23 14:19:48,621 - INFO - Sincronización completada con éxito.
2025-01-23 14:19:48,621 - INFO - Fin del proceso.
2025-01-23 14:21:48,335 - INFO - Inicio del proceso de sincronización...
2025-01-23 14:21:52,772 - INFO - Sincronización completada con éxito.
2025-01-23 14:21:52,772 - INFO - Fin del proceso.
2025-01-23 14:23:52,394 - INFO - Inicio del proceso de sincronización...
2025-01-23 14:23:56,721 - INFO - Sincronización completada con éxito.
2025-01-23 14:23:56,721 - INFO - Fin del proceso.
2025-01-23 14:25:56,365 - INFO - Inicio del proceso de sincronización...
2025-01-23 14:26:00,645 - INFO - Sincronización completada con éxito.
2025-01-23 14:26:00,645 - INFO - Fin del proceso.
2025-01-23 14:28:00,333 - INFO - Inicio del proceso de sincronización...
2025-01-23 14:28:04,801 - INFO - Sincronización completada con éxito.
2025-01-23 14:28:04,801 - INFO - Fin del proceso.
2025-01-23 14:30:04,400 - INFO - Inicio del proceso de sincronización...
2025-01-23 14:30:08,680 - INFO - Sincronización completada con éxito.
2025-01-23 14:30:08,680 - INFO - Fin del proceso.
2025-01-23 14:32:08,597 - INFO - Inicio del proceso de sincronización...
2025-01-23 14:32:14,784 - INFO - Sincronización completada con éxito.
2025-01-23 14:32:14,784 - INFO - Fin del proceso.
2025-01-23 14:34:14,392 - INFO - Inicio del proceso de sincronización...
2025-01-23 14:34:20,284 - INFO - Sincronización completada con éxito.
2025-01-23 14:34:20,284 - INFO - Fin del proceso.
2025-01-23 14:36:20,341 - INFO - Inicio del proceso de sincronización...
2025-01-23 14:36:26,312 - INFO - Sincronización completada con éxito.
2025-01-23 14:36:26,312 - INFO - Fin del proceso.
2025-01-23 14:38:26,380 - INFO - Inicio del proceso de sincronización...
2025-01-23 14:38:32,650 - INFO - Sincronización completada con éxito.
2025-01-23 14:38:32,650 - INFO - Fin del proceso.
2025-01-23 14:40:32,421 - INFO - Inicio del proceso de sincronización...
2025-01-23 14:40:38,458 - INFO - Sincronización completada con éxito.
2025-01-23 14:40:38,458 - INFO - Fin del proceso.
2025-01-23 14:42:38,356 - INFO - Inicio del proceso de sincronización...
2025-01-23 14:42:44,371 - INFO - Sincronización completada con éxito.
2025-01-23 14:42:44,371 - INFO - Fin del proceso.
2025-01-23 14:45:00,353 - INFO - Inicio del proceso de sincronización...
2025-01-23 14:45:06,447 - INFO - Sincronización completada con éxito.
2025-01-23 14:45:06,447 - INFO - Fin del proceso.
2025-01-23 14:47:06,384 - INFO - Inicio del proceso de sincronización...
2025-01-23 14:47:12,492 - INFO - Sincronización completada con éxito.
2025-01-23 14:47:12,492 - INFO - Fin del proceso.
2025-01-23 14:49:12,359 - INFO - Inicio del proceso de sincronización...
2025-01-23 14:49:18,389 - INFO - Sincronización completada con éxito.
2025-01-23 14:49:18,389 - INFO - Fin del proceso.
2025-01-23 14:51:18,426 - INFO - Inicio del proceso de sincronización...
2025-01-23 14:51:24,409 - INFO - Sincronización completada con éxito.
2025-01-23 14:51:24,409 - INFO - Fin del proceso.
2025-01-23 14:53:24,419 - INFO - Inicio del proceso de sincronización...
2025-01-23 14:53:30,620 - INFO - Sincronización completada con éxito.
2025-01-23 14:53:30,620 - INFO - Fin del proceso.
2025-01-23 14:55:30,364 - INFO - Inicio del proceso de sincronización...
2025-01-23 14:55:36,539 - INFO - Sincronización completada con éxito.
2025-01-23 14:55:36,539 - INFO - Fin del proceso.
2025-01-23 14:57:36,395 - INFO - Inicio del proceso de sincronización...
2025-01-23 14:57:43,486 - INFO - Sincronización completada con éxito.
2025-01-23 14:57:43,486 - INFO - Fin del proceso.
2025-01-23 14:59:43,338 - INFO - Inicio del proceso de sincronización...
2025-01-23 14:59:49,699 - INFO - Sincronización completada con éxito.
2025-01-23 14:59:49,699 - INFO - Fin del proceso.
2025-01-23 15:01:49,294 - INFO - Inicio del proceso de sincronización...
2025-01-23 15:01:55,355 - INFO - Sincronización completada con éxito.
2025-01-23 15:01:55,355 - INFO - Fin del proceso.
2025-01-23 15:03:55,290 - INFO - Inicio del proceso de sincronización...
2025-01-23 15:04:01,164 - INFO - Sincronización completada con éxito.
2025-01-23 15:04:01,164 - INFO - Fin del proceso.
2025-01-23 15:06:01,300 - INFO - Inicio del proceso de sincronización...
2025-01-23 15:06:07,127 - INFO - Sincronización completada con éxito.
2025-01-23 15:06:07,127 - INFO - Fin del proceso.
2025-01-23 15:08:07,372 - INFO - Inicio del proceso de sincronización...
2025-01-23 15:08:13,294 - INFO - Sincronización completada con éxito.
2025-01-23 15:08:13,294 - INFO - Fin del proceso.
2025-01-23 15:10:13,304 - INFO - Inicio del proceso de sincronización...
2025-01-23 15:10:19,197 - INFO - Sincronización completada con éxito.
2025-01-23 15:10:19,197 - INFO - Fin del proceso.
